<?xml version="1.0" encoding="UTF-8"?>
<testng-results skipped="0" failed="0" total="2" passed="2">
  <reporter-output>
  </reporter-output>
  <suite name="Main Test Suite" duration-ms="5945" started-at="2020-10-17T08:21:59Z" finished-at="2020-10-17T08:22:05Z">
    <groups>
    </groups>
    <test name="DeletePet" duration-ms="5945" started-at="2020-10-17T08:21:59Z" finished-at="2020-10-17T08:22:05Z">
      <class name="com.api.tests.TestDELETEPet">
        <test-method status="PASS" signature="init()[pri:0, instance:com.api.tests.TestDELETEPet@6293abcc]" name="init" is-config="true" duration-ms="4871" started-at="2020-10-17T13:51:59Z" finished-at="2020-10-17T13:52:04Z">
          <reporter-output>
          </reporter-output>
        </test-method> <!-- init -->
        <test-method status="PASS" signature="validateStatusCodeToBE200()[pri:1, instance:com.api.tests.TestDELETEPet@6293abcc]" name="validateStatusCodeToBE200" duration-ms="15" started-at="2020-10-17T13:52:04Z" finished-at="2020-10-17T13:52:04Z">
          <reporter-output>
          </reporter-output>
        </test-method> <!-- validateStatusCodeToBE200 -->
        <test-method status="PASS" signature="validateMessageInResponse()[pri:2, instance:com.api.tests.TestDELETEPet@6293abcc]" name="validateMessageInResponse" duration-ms="1029" started-at="2020-10-17T13:52:04Z" finished-at="2020-10-17T13:52:05Z">
          <reporter-output>
          </reporter-output>
        </test-method> <!-- validateMessageInResponse -->
      </class> <!-- com.api.tests.TestDELETEPet -->
    </test> <!-- DeletePet -->
  </suite> <!-- Main Test Suite -->
</testng-results>
