<?xml version="1.0" encoding="UTF-8"?>
<!-- Generated by org.testng.reporters.JUnitXMLReporter -->
<testsuite hostname="DESKTOP-AF71NMN" name="PostNewAvailablePet" tests="2" failures="0" timestamp="17 Oct 2020 08:21:33 GMT" time="5.492" errors="0">
  <testcase name="validateStatusCodeToBE200" time="0.0" classname="com.api.tests.TestPOSTNewAvailablePet"/>
  <testcase name="validateResponseIDToEqualToRequestID" time="0.055" classname="com.api.tests.TestPOSTNewAvailablePet"/>
</testsuite> <!-- PostNewAvailablePet -->
